\BOOKMARK [0][-]{section*.3}{\376\377\000C\000o\000n\000t\000e\000n\000t\000s}{}% 1
\BOOKMARK [0][-]{chapter*.5}{\376\377\000I\000n\000t\000r\000o\000d\000u\000c\000t\000i\000o\000n}{}% 2
\BOOKMARK [0][-]{chapter.1}{\376\377\000A\000u\000t\000o\000m\000a\000t\000i\000c\000\040\000I\000d\000e\000n\000t\000i\000f\000i\000c\000a\000t\000i\000o\000n\000\040\000a\000n\000d\000\040\000S\000e\000l\000e\000c\000t\000i\000o\000n\000\040\000o\000f\000\040\000H\000W\000\040\000A\000c\000c\000e\000l\000e\000r\000a\000t\000o\000r\000s}{}% 3
\BOOKMARK [1][-]{section.1.1}{\376\377\000M\000o\000t\000i\000v\000a\000t\000i\000o\000n}{chapter.1}% 4
\BOOKMARK [1][-]{section.1.2}{\376\377\000R\000e\000l\000a\000t\000e\000d\000\040\000W\000o\000r\000k}{chapter.1}% 5
\BOOKMARK [1][-]{section.1.3}{\376\377\000T\000h\000e\000\040\000R\000e\000g\000i\000o\000n\000S\000e\000e\000k\000e\000r\000\040\000F\000r\000a\000m\000e\000w\000o\000r\000k}{chapter.1}% 6
\BOOKMARK [2][-]{subsection.1.3.1}{\376\377\000M\000e\000t\000h\000o\000d\000o\000l\000o\000g\000y}{section.1.3}% 7
\BOOKMARK [2][-]{subsection.1.3.2}{\376\377\000E\000x\000p\000e\000r\000i\000m\000e\000n\000t\000a\000l\000\040\000R\000e\000s\000u\000l\000t\000s}{section.1.3}% 8
\BOOKMARK [1][-]{section.1.4}{\376\377\000R\000e\000g\000i\000o\000n\000S\000e\000e\000k\000e\000r\000\040\000M\000u\000L\000T\000i\000V\000e\000r\000s\000i\000o\000n\000i\000n\000g}{chapter.1}% 9
\BOOKMARK [2][-]{subsection.1.4.1}{\376\377\000M\000e\000t\000h\000o\000d\000o\000l\000o\000g\000y}{section.1.4}% 10
\BOOKMARK [2][-]{subsection.1.4.2}{\376\377\000E\000x\000p\000e\000r\000i\000m\000e\000n\000t\000a\000l\000\040\000R\000e\000s\000u\000l\000t\000s}{section.1.4}% 11
\BOOKMARK [1][-]{section.1.5}{\376\377\000C\000o\000n\000c\000l\000u\000s\000i\000o\000n\000s}{chapter.1}% 12
\BOOKMARK [0][-]{chapter.2}{\376\377\000O\000p\000t\000i\000m\000i\000z\000a\000t\000i\000o\000n\000s\000\040\000a\000p\000p\000l\000i\000e\000d\000\040\000t\000o\000\040\000H\000W\000\040\000A\000c\000c\000e\000l\000e\000r\000a\000t\000o\000r\000s}{}% 13
\BOOKMARK [1][-]{section.2.1}{\376\377\000D\000a\000t\000a\000\040\000r\000e\000u\000s\000e\000\040\000A\000n\000a\000l\000y\000s\000i\000s}{chapter.2}% 14
\BOOKMARK [2][-]{subsection.2.1.1}{\376\377\000M\000o\000t\000i\000v\000a\000t\000i\000o\000n}{section.2.1}% 15
\BOOKMARK [2][-]{subsection.2.1.2}{\376\377\000R\000e\000l\000a\000t\000e\000d\000\040\000W\000o\000r\000k}{section.2.1}% 16
\BOOKMARK [2][-]{subsection.2.1.3}{\376\377\000M\000e\000t\000h\000o\000d\000o\000l\000o\000g\000y}{section.2.1}% 17
\BOOKMARK [2][-]{subsection.2.1.4}{\376\377\000E\000x\000p\000e\000r\000i\000m\000e\000n\000t\000a\000l\000\040\000R\000e\000s\000u\000l\000t\000s}{section.2.1}% 18
\BOOKMARK [2][-]{subsection.2.1.5}{\376\377\000C\000o\000n\000c\000l\000u\000s\000i\000o\000n\000s}{section.2.1}% 19
\BOOKMARK [1][-]{section.2.2}{\376\377\000M\000a\000c\000h\000i\000n\000e\000\040\000L\000e\000a\000r\000n\000i\000n\000g\000\040\000A\000p\000p\000r\000o\000a\000c\000h\000\040\000f\000o\000r\000\040\000L\000o\000o\000p\000\040\000U\000n\000r\000o\000l\000l\000i\000n\000g\000\040\000F\000a\000c\000t\000o\000r\000\040\000P\000r\000e\000d\000i\000c\000t\000i\000o\000n}{chapter.2}% 20
\BOOKMARK [2][-]{subsection.2.2.1}{\376\377\000M\000o\000t\000i\000v\000a\000t\000i\000o\000n}{section.2.2}% 21
\BOOKMARK [2][-]{subsection.2.2.2}{\376\377\000R\000e\000l\000a\000t\000e\000d\000\040\000W\000o\000r\000k}{section.2.2}% 22
\BOOKMARK [2][-]{subsection.2.2.3}{\376\377\000M\000e\000t\000h\000o\000d\000o\000l\000o\000g\000y}{section.2.2}% 23
\BOOKMARK [2][-]{subsection.2.2.4}{\376\377\000E\000x\000p\000e\000r\000i\000m\000e\000n\000t\000a\000l\000\040\000R\000e\000s\000u\000l\000t\000s}{section.2.2}% 24
\BOOKMARK [0][-]{chapter.3}{\376\377\000S\000y\000s\000t\000e\000m\000\040\000A\000w\000a\000r\000e\000\040\000A\000c\000c\000e\000l\000e\000r\000a\000t\000o\000r\000s\000\040\000I\000d\000e\000n\000t\000i\000f\000i\000c\000a\000t\000i\000o\000n}{}% 25
\BOOKMARK [1][-]{section.3.1}{\376\377\000A\000c\000c\000e\000l\000S\000e\000e\000k\000e\000r}{chapter.3}% 26
\BOOKMARK [1][-]{section.3.2}{\376\377\000E\000n\000e\000r\000g\000y\000S\000e\000e\000k\000e\000r}{chapter.3}% 27
\BOOKMARK [0][-]{chapter*.27}{\376\377\000C\000o\000n\000c\000l\000u\000s\000i\000o\000n\000s}{}% 28
\BOOKMARK [0][-]{section*.29}{\376\377\000B\000i\000b\000l\000i\000o\000g\000r\000a\000p\000h\000y}{}% 29
